2024-11-19T22:57:16.501188+00:00 INFO 'ansible_navigator.setup_logger' New ansible-navigator instance, logging initialized
2024-11-19T22:57:16.501499+00:00 INFO 'ansible_navigator.setup_logger' New ansible-runner instance, logging initialized
2024-11-19T22:57:16.501584+00:00 DEBUG 'ansible_navigator.main' Jinja2==3.1.2 
2024-11-19T22:57:16.501643+00:00 DEBUG 'ansible_navigator.main' MarkupSafe==2.1.0 
2024-11-19T22:57:16.501691+00:00 DEBUG 'ansible_navigator.main' PySocks==1.7.1 
2024-11-19T22:57:16.501731+00:00 DEBUG 'ansible_navigator.main' PyYAML==5.4.1 
2024-11-19T22:57:16.501770+00:00 DEBUG 'ansible_navigator.main' aiohappyeyeballs==2.4.3 /usr/local/lib/python3.9/site-packages/aiohappyeyeballs/__init__.py
2024-11-19T22:57:16.501808+00:00 DEBUG 'ansible_navigator.main' aiohttp==3.11.6 /usr/local/lib64/python3.9/site-packages/aiohttp/__init__.py
2024-11-19T22:57:16.501847+00:00 DEBUG 'ansible_navigator.main' aiokafka==0.12.0 /usr/local/lib64/python3.9/site-packages/aiokafka/__init__.py
2024-11-19T22:57:16.501884+00:00 DEBUG 'ansible_navigator.main' aiosignal==1.3.1 /usr/local/lib/python3.9/site-packages/aiosignal/__init__.py
2024-11-19T22:57:16.501921+00:00 DEBUG 'ansible_navigator.main' ansible-builder==3.0.1 
2024-11-19T22:57:16.501962+00:00 DEBUG 'ansible_navigator.main' ansible-compat==24.10.0 
2024-11-19T22:57:16.502001+00:00 DEBUG 'ansible_navigator.main' ansible-core==2.15.2 
2024-11-19T22:57:16.502042+00:00 DEBUG 'ansible_navigator.main' ansible-creator==24.1.0 
2024-11-19T22:57:16.502104+00:00 DEBUG 'ansible_navigator.main' ansible-lint==6.22.2 
2024-11-19T22:57:16.502143+00:00 DEBUG 'ansible_navigator.main' ansible-navigator==24.2.0 
2024-11-19T22:57:16.502184+00:00 DEBUG 'ansible_navigator.main' ansible-runner==2.3.6 
2024-11-19T22:57:16.502226+00:00 DEBUG 'ansible_navigator.main' ansible_rulebook==1.1.1 /usr/local/lib/python3.9/site-packages/ansible_rulebook/__init__.py
2024-11-19T22:57:16.502264+00:00 DEBUG 'ansible_navigator.main' async-timeout==5.0.1 
2024-11-19T22:57:16.502302+00:00 DEBUG 'ansible_navigator.main' attrs==23.2.0 /usr/local/lib/python3.9/site-packages/attrs/__init__.py
2024-11-19T22:57:16.502340+00:00 DEBUG 'ansible_navigator.main' awxkit==4.5.6 /usr/lib/python3.9/site-packages/awxkit/__init__.py
2024-11-19T22:57:16.502378+00:00 DEBUG 'ansible_navigator.main' bindep==2.10.2 /usr/lib/python3.9/site-packages/bindep/__init__.py
2024-11-19T22:57:16.502416+00:00 DEBUG 'ansible_navigator.main' black==22.8.0 /usr/lib/python3.9/site-packages/black/__init__.py
2024-11-19T22:57:16.502457+00:00 DEBUG 'ansible_navigator.main' boto3==1.22.10 /usr/lib/python3.9/site-packages/boto3/__init__.py
2024-11-19T22:57:16.502499+00:00 DEBUG 'ansible_navigator.main' botocore==1.25.10 /usr/lib/python3.9/site-packages/botocore/__init__.py
2024-11-19T22:57:16.502541+00:00 DEBUG 'ansible_navigator.main' bracex==2.2.1 /usr/lib/python3.9/site-packages/bracex/__init__.py
2024-11-19T22:57:16.502582+00:00 DEBUG 'ansible_navigator.main' certifi==2022.12.7 /usr/lib/python3.9/site-packages/certifi/__init__.py
2024-11-19T22:57:16.502620+00:00 DEBUG 'ansible_navigator.main' cffi==1.15.0 /usr/lib64/python3.9/site-packages/cffi/__init__.py
2024-11-19T22:57:16.502667+00:00 DEBUG 'ansible_navigator.main' charset-normalizer==2.0.11 
2024-11-19T22:57:16.502708+00:00 DEBUG 'ansible_navigator.main' click==8.1.3 /usr/lib/python3.9/site-packages/click/__init__.py
2024-11-19T22:57:16.502751+00:00 DEBUG 'ansible_navigator.main' commonmark==0.9.1 /usr/lib/python3.9/site-packages/commonmark/__init__.py
2024-11-19T22:57:16.502792+00:00 DEBUG 'ansible_navigator.main' cryptography==38.0.4 /usr/lib64/python3.9/site-packages/cryptography/__init__.py
2024-11-19T22:57:16.502834+00:00 DEBUG 'ansible_navigator.main' dbus-python==1.2.18 
2024-11-19T22:57:16.502875+00:00 DEBUG 'ansible_navigator.main' decorator==4.4.2 /usr/lib/python3.9/site-packages/decorator.py
2024-11-19T22:57:16.502918+00:00 DEBUG 'ansible_navigator.main' distro==1.6.0 /usr/lib/python3.9/site-packages/distro.py
2024-11-19T22:57:16.502959+00:00 DEBUG 'ansible_navigator.main' docutils==0.16 /usr/lib/python3.9/site-packages/docutils/__init__.py
2024-11-19T22:57:16.503009+00:00 DEBUG 'ansible_navigator.main' dpath==2.2.0 /usr/local/lib/python3.9/site-packages/dpath/__init__.py
2024-11-19T22:57:16.503051+00:00 DEBUG 'ansible_navigator.main' drools_jpy==0.3.9 
2024-11-19T22:57:16.503109+00:00 DEBUG 'ansible_navigator.main' exceptiongroup==1.2.1 /usr/local/lib/python3.9/site-packages/exceptiongroup/__init__.py
2024-11-19T22:57:16.503152+00:00 DEBUG 'ansible_navigator.main' file-magic==0.4.0 
2024-11-19T22:57:16.503193+00:00 DEBUG 'ansible_navigator.main' filelock==3.8.0 /usr/lib/python3.9/site-packages/filelock/__init__.py
2024-11-19T22:57:16.503234+00:00 DEBUG 'ansible_navigator.main' frozenlist==1.5.0 /usr/local/lib64/python3.9/site-packages/frozenlist/__init__.py
2024-11-19T22:57:16.503276+00:00 DEBUG 'ansible_navigator.main' h11==0.14.0 /usr/local/lib/python3.9/site-packages/h11/__init__.py
2024-11-19T22:57:16.503317+00:00 DEBUG 'ansible_navigator.main' idna==3.3 /usr/lib/python3.9/site-packages/idna/__init__.py
2024-11-19T22:57:16.503358+00:00 DEBUG 'ansible_navigator.main' importlib-metadata==6.0.1 
2024-11-19T22:57:16.503400+00:00 DEBUG 'ansible_navigator.main' importlib-resources==5.0.7 
2024-11-19T22:57:16.503441+00:00 DEBUG 'ansible_navigator.main' iniparse==0.4 /usr/lib/python3.9/site-packages/iniparse/__init__.py
2024-11-19T22:57:16.503482+00:00 DEBUG 'ansible_navigator.main' janus==1.1.0 /usr/local/lib/python3.9/site-packages/janus/__init__.py
2024-11-19T22:57:16.503522+00:00 DEBUG 'ansible_navigator.main' jmespath==0.10.0 /usr/lib/python3.9/site-packages/jmespath/__init__.py
2024-11-19T22:57:16.503564+00:00 DEBUG 'ansible_navigator.main' jpy==0.19.0 /usr/local/lib64/python3.9/site-packages/jpy.cpython-39-x86_64-linux-gnu.so
2024-11-19T22:57:16.503606+00:00 DEBUG 'ansible_navigator.main' jsonschema==4.16.0 /usr/lib/python3.9/site-packages/jsonschema/__init__.py
2024-11-19T22:57:16.503651+00:00 DEBUG 'ansible_navigator.main' lockfile==0.12.2 /usr/lib/python3.9/site-packages/lockfile/__init__.py
2024-11-19T22:57:16.503693+00:00 DEBUG 'ansible_navigator.main' multidict==6.1.0 /usr/local/lib64/python3.9/site-packages/multidict/__init__.py
2024-11-19T22:57:16.503735+00:00 DEBUG 'ansible_navigator.main' mypy-extensions==0.4.3 
2024-11-19T22:57:16.503773+00:00 DEBUG 'ansible_navigator.main' onigurumacffi==1.1.0 /usr/lib64/python3.9/site-packages/onigurumacffi.py
2024-11-19T22:57:16.503809+00:00 DEBUG 'ansible_navigator.main' outcome==1.3.0.post0 /usr/local/lib/python3.9/site-packages/outcome/__init__.py
2024-11-19T22:57:16.503846+00:00 DEBUG 'ansible_navigator.main' packaging==21.3 /usr/lib/python3.9/site-packages/packaging/__init__.py
2024-11-19T22:57:16.503886+00:00 DEBUG 'ansible_navigator.main' pathspec==0.12.1 /usr/lib/python3.9/site-packages/pathspec/__init__.py
2024-11-19T22:57:16.503927+00:00 DEBUG 'ansible_navigator.main' pbr==5.9.0 /usr/lib/python3.9/site-packages/pbr/__init__.py
2024-11-19T22:57:16.503968+00:00 DEBUG 'ansible_navigator.main' pip==21.2.3 /usr/lib/python3.9/site-packages/pip/__init__.py
2024-11-19T22:57:16.504009+00:00 DEBUG 'ansible_navigator.main' propcache==0.2.0 /usr/local/lib64/python3.9/site-packages/propcache/__init__.py
2024-11-19T22:57:16.504051+00:00 DEBUG 'ansible_navigator.main' psycopg-binary==3.2.3 
2024-11-19T22:57:16.504104+00:00 DEBUG 'ansible_navigator.main' psycopg2==2.9.3 /usr/lib64/python3.9/site-packages/psycopg2/__init__.py
2024-11-19T22:57:16.504146+00:00 DEBUG 'ansible_navigator.main' psycopg==3.2.3 /usr/local/lib/python3.9/site-packages/psycopg/__init__.py
2024-11-19T22:57:16.504188+00:00 DEBUG 'ansible_navigator.main' pycairo==1.20.1 
2024-11-19T22:57:16.504229+00:00 DEBUG 'ansible_navigator.main' pycparser==2.21 /usr/lib/python3.9/site-packages/pycparser/__init__.py
2024-11-19T22:57:16.504270+00:00 DEBUG 'ansible_navigator.main' pyinotify==0.9.6 /usr/lib/python3.9/site-packages/pyinotify.py
2024-11-19T22:57:16.504311+00:00 DEBUG 'ansible_navigator.main' pyrsistent==0.17.3 /usr/lib64/python3.9/site-packages/pyrsistent/__init__.py
2024-11-19T22:57:16.504352+00:00 DEBUG 'ansible_navigator.main' python-daemon==2.3.2 
2024-11-19T22:57:16.504398+00:00 DEBUG 'ansible_navigator.main' python-dateutil==2.8.1 
2024-11-19T22:57:16.504440+00:00 DEBUG 'ansible_navigator.main' receptorctl==1.4.5 /usr/lib/python3.9/site-packages/receptorctl/__init__.py
2024-11-19T22:57:16.504481+00:00 DEBUG 'ansible_navigator.main' requests==2.31.0 /usr/lib/python3.9/site-packages/requests/__init__.py
2024-11-19T22:57:16.504521+00:00 DEBUG 'ansible_navigator.main' requirements-parser==0.2.0 
2024-11-19T22:57:16.504563+00:00 DEBUG 'ansible_navigator.main' resolvelib==0.5.4 /usr/lib/python3.9/site-packages/resolvelib/__init__.py
2024-11-19T22:57:16.504603+00:00 DEBUG 'ansible_navigator.main' ruamel.yaml.clib==0.2.7 
2024-11-19T22:57:16.504647+00:00 DEBUG 'ansible_navigator.main' ruamel.yaml==0.18.6 /usr/local/lib/python3.9/site-packages/ruamel/yaml/__init__.py
2024-11-19T22:57:16.504689+00:00 DEBUG 'ansible_navigator.main' s3transfer==0.5.2 /usr/lib/python3.9/site-packages/s3transfer/__init__.py
2024-11-19T22:57:16.504730+00:00 DEBUG 'ansible_navigator.main' selenium==4.20.0 /usr/local/lib/python3.9/site-packages/selenium/__init__.py
2024-11-19T22:57:16.504771+00:00 DEBUG 'ansible_navigator.main' selinux==3.5 /usr/lib64/python3.9/site-packages/selinux/__init__.py
2024-11-19T22:57:16.504812+00:00 DEBUG 'ansible_navigator.main' sepolicy==3.5 /usr/lib/python3.9/site-packages/sepolicy/__init__.py
2024-11-19T22:57:16.504849+00:00 DEBUG 'ansible_navigator.main' setools==4.4.3 /usr/lib64/python3.9/site-packages/setools/__init__.py
2024-11-19T22:57:16.504889+00:00 DEBUG 'ansible_navigator.main' setuptools==53.0.0 /usr/lib/python3.9/site-packages/setuptools/__init__.py
2024-11-19T22:57:16.504931+00:00 DEBUG 'ansible_navigator.main' six==1.16.0 /usr/lib/python3.9/site-packages/six.py
2024-11-19T22:57:16.504972+00:00 DEBUG 'ansible_navigator.main' sniffio==1.3.1 /usr/local/lib/python3.9/site-packages/sniffio/__init__.py
2024-11-19T22:57:16.505013+00:00 DEBUG 'ansible_navigator.main' sortedcontainers==2.4.0 /usr/local/lib/python3.9/site-packages/sortedcontainers/__init__.py
2024-11-19T22:57:16.505054+00:00 DEBUG 'ansible_navigator.main' sos==4.7.0 /usr/lib/python3.9/site-packages/sos/__init__.py
2024-11-19T22:57:16.505109+00:00 DEBUG 'ansible_navigator.main' subprocess-tee==0.4.1 
2024-11-19T22:57:16.505151+00:00 DEBUG 'ansible_navigator.main' subscription-manager==1.29.40 
2024-11-19T22:57:16.505192+00:00 DEBUG 'ansible_navigator.main' supervisor==4.2.4 /usr/lib/python3.9/site-packages/supervisor/__init__.py
2024-11-19T22:57:16.505233+00:00 DEBUG 'ansible_navigator.main' tomli==2.0.1 /usr/lib/python3.9/site-packages/tomli/__init__.py
2024-11-19T22:57:16.505274+00:00 DEBUG 'ansible_navigator.main' trio-websocket==0.11.1 
2024-11-19T22:57:16.505315+00:00 DEBUG 'ansible_navigator.main' trio==0.25.0 /usr/local/lib/python3.9/site-packages/trio/__init__.py
2024-11-19T22:57:16.505356+00:00 DEBUG 'ansible_navigator.main' typing_extensions==4.11.0 /usr/local/lib/python3.9/site-packages/typing_extensions.py
2024-11-19T22:57:16.505398+00:00 DEBUG 'ansible_navigator.main' tzdata==2024.2 /usr/local/lib/python3.9/site-packages/tzdata/__init__.py
2024-11-19T22:57:16.505438+00:00 DEBUG 'ansible_navigator.main' urllib3==1.26.18 /usr/lib/python3.9/site-packages/urllib3/__init__.py
2024-11-19T22:57:16.505479+00:00 DEBUG 'ansible_navigator.main' watchdog==6.0.0 /usr/local/lib/python3.9/site-packages/watchdog/__init__.py
2024-11-19T22:57:16.505520+00:00 DEBUG 'ansible_navigator.main' wcmatch==8.3 /usr/lib/python3.9/site-packages/wcmatch/__init__.py
2024-11-19T22:57:16.505557+00:00 DEBUG 'ansible_navigator.main' websockets==14.1 /usr/local/lib64/python3.9/site-packages/websockets/__init__.py
2024-11-19T22:57:16.505598+00:00 DEBUG 'ansible_navigator.main' wsproto==1.2.0 /usr/local/lib/python3.9/site-packages/wsproto/__init__.py
2024-11-19T22:57:16.505643+00:00 DEBUG 'ansible_navigator.main' xxhash==3.5.0 /usr/local/lib64/python3.9/site-packages/xxhash/__init__.py
2024-11-19T22:57:16.505685+00:00 DEBUG 'ansible_navigator.main' yamllint==1.35.1 /usr/lib/python3.9/site-packages/yamllint/__init__.py
2024-11-19T22:57:16.505731+00:00 DEBUG 'ansible_navigator.main' yarl==1.17.2 /usr/local/lib64/python3.9/site-packages/yarl/__init__.py
2024-11-19T22:57:16.505773+00:00 DEBUG 'ansible_navigator.main' zipp==3.4.0 /usr/lib/python3.9/site-packages/zipp.py
2024-11-19T22:57:16.505814+00:00 DEBUG 'ansible_navigator.main' Default collection_doc_cache_path set to: /home/student/.cache/ansible-navigator/collection_doc_cache.db
2024-11-19T22:57:16.505857+00:00 DEBUG 'ansible_navigator.main' EDITOR environment variable not set
2024-11-19T22:57:16.505899+00:00 DEBUG 'ansible_navigator.main' Default editor_command set to: vi +{line_number} {filename}
2024-11-19T22:57:16.505937+00:00 DEBUG 'ansible_navigator.main' No config file set by ANSIBLE_NAVIGATOR_CONFIG
2024-11-19T22:57:16.505974+00:00 DEBUG 'ansible_navigator.main' Looking in /home/student
2024-11-19T22:57:16.506011+00:00 DEBUG 'ansible_navigator.main' Looking for '/home/student/.ansible-navigator.yml', '/home/student/.ansible-navigator.yaml' and '/home/student/.ansible-navigator.json'
2024-11-19T22:57:16.506054+00:00 DEBUG 'ansible_navigator.main' Found 1: '/home/student/.ansible-navigator.yml'
2024-11-19T22:57:16.506111+00:00 DEBUG 'ansible_navigator.main' Looking in /home/student/autocon2_aap_workshop
2024-11-19T22:57:16.506153+00:00 DEBUG 'ansible_navigator.main' Looking for '/home/student/autocon2_aap_workshop/ansible-navigator.yml', '/home/student/autocon2_aap_workshop/ansible-navigator.yaml' and '/home/student/autocon2_aap_workshop/ansible-navigator.json'
2024-11-19T22:57:16.506195+00:00 DEBUG 'ansible_navigator.main' Found 1: '/home/student/autocon2_aap_workshop/ansible-navigator.yml'
2024-11-19T22:57:16.506236+00:00 DEBUG 'ansible_navigator.main' All found 2: '/home/student/.ansible-navigator.yml' and '/home/student/autocon2_aap_workshop/ansible-navigator.yml'
2024-11-19T22:57:16.506276+00:00 DEBUG 'ansible_navigator.main' Using: /home/student/autocon2_aap_workshop/ansible-navigator.yml
2024-11-19T22:57:16.506318+00:00 DEBUG 'ansible_navigator.main' Using settings file at /home/student/autocon2_aap_workshop/ansible-navigator.yml in search path
2024-11-19T22:57:16.506359+00:00 DEBUG 'ansible_navigator.main' Command provided: 'run'
2024-11-19T22:57:16.506400+00:00 DEBUG 'ansible_navigator.main' ansible-navigator.ansible-runner.artifact-dir not found in settings file
2024-11-19T22:57:16.506441+00:00 DEBUG 'ansible_navigator.main' ansible-navigator.ansible-runner.rotate-artifacts-count not found in settings file
2024-11-19T22:57:16.506483+00:00 DEBUG 'ansible_navigator.main' ansible-navigator.ansible-runner.timeout not found in settings file
2024-11-19T22:57:16.506520+00:00 DEBUG 'ansible_navigator.main' ansible-navigator.ansible-runner.job-events not found in settings file
2024-11-19T22:57:16.506557+00:00 DEBUG 'ansible_navigator.main' ansible-navigator.app not found in settings file
2024-11-19T22:57:16.506608+00:00 DEBUG 'ansible_navigator.main' ansible-navigator.ansible.cmdline not found in settings file
2024-11-19T22:57:16.506654+00:00 DEBUG 'ansible_navigator.main' ansible-navigator.collection-doc-cache-path not found in settings file
2024-11-19T22:57:16.506696+00:00 DEBUG 'ansible_navigator.main' ansible-navigator.ansible.config.path not found in settings file
2024-11-19T22:57:16.506737+00:00 DEBUG 'ansible_navigator.main' ansible-navigator.execution-environment.container-options not found in settings file
2024-11-19T22:57:16.506779+00:00 DEBUG 'ansible_navigator.main' ansible-navigator.color.enable not found in settings file
2024-11-19T22:57:16.506821+00:00 DEBUG 'ansible_navigator.main' ansible-navigator.editor.command not found in settings file
2024-11-19T22:57:16.506862+00:00 DEBUG 'ansible_navigator.main' ansible-navigator.editor.console not found in settings file
2024-11-19T22:57:16.506900+00:00 DEBUG 'ansible_navigator.main' ansible-navigator.enable-prompts not found in settings file
2024-11-19T22:57:16.506942+00:00 DEBUG 'ansible_navigator.main' ansible-navigator.exec.command not found in settings file
2024-11-19T22:57:16.506985+00:00 DEBUG 'ansible_navigator.main' ansible-navigator.exec.shell not found in settings file
2024-11-19T22:57:16.507023+00:00 DEBUG 'ansible_navigator.main' ansible-navigator.execution-environment.volume-mounts not found in settings file
2024-11-19T22:57:16.507071+00:00 DEBUG 'ansible_navigator.main' ansible-navigator.format not found in settings file
2024-11-19T22:57:16.507118+00:00 DEBUG 'ansible_navigator.main' ansible-navigator.ansible-builder.help not found in settings file
2024-11-19T22:57:16.507158+00:00 DEBUG 'ansible_navigator.main' ansible-navigator.ansible.config.help not found in settings file
2024-11-19T22:57:16.507195+00:00 DEBUG 'ansible_navigator.main' ansible-navigator.ansible.doc.help not found in settings file
2024-11-19T22:57:16.507232+00:00 DEBUG 'ansible_navigator.main' ansible-navigator.ansible.inventory.help not found in settings file
2024-11-19T22:57:16.507272+00:00 DEBUG 'ansible_navigator.main' ansible-navigator.ansible.playbook.help not found in settings file
2024-11-19T22:57:16.507309+00:00 DEBUG 'ansible_navigator.main' ansible-navigator.images.details not found in settings file
2024-11-19T22:57:16.507345+00:00 DEBUG 'ansible_navigator.main' ansible-navigator.inventory-columns not found in settings file
2024-11-19T22:57:16.507382+00:00 DEBUG 'ansible_navigator.main' ansible-navigator.ansible-lint.config not found in settings file
2024-11-19T22:57:16.507423+00:00 DEBUG 'ansible_navigator.main' ansible-navigator.ansible-lint.lintables not found in settings file
2024-11-19T22:57:16.507464+00:00 DEBUG 'ansible_navigator.main' ansible-navigator.logging.append not found in settings file
2024-11-19T22:57:16.507505+00:00 DEBUG 'ansible_navigator.main' ansible-navigator.mode not found in settings file
2024-11-19T22:57:16.507546+00:00 DEBUG 'ansible_navigator.main' ansible-navigator.color.osc4 not found in settings file
2024-11-19T22:57:16.507587+00:00 DEBUG 'ansible_navigator.main' ansible-navigator.execution-environment.environment-variables.pass not found in settings file
2024-11-19T22:57:16.507628+00:00 DEBUG 'ansible_navigator.main' ansible-navigator.ansible.playbook.path not found in settings file
2024-11-19T22:57:16.507675+00:00 DEBUG 'ansible_navigator.main' ansible-navigator.playbook-artifact.enable not found in settings file
2024-11-19T22:57:16.507716+00:00 DEBUG 'ansible_navigator.main' ansible-navigator.playbook-artifact.replay not found in settings file
2024-11-19T22:57:16.507753+00:00 DEBUG 'ansible_navigator.main' ansible-navigator.ansible.doc.plugin.name not found in settings file
2024-11-19T22:57:16.507788+00:00 DEBUG 'ansible_navigator.main' ansible-navigator.ansible.doc.plugin.type not found in settings file
2024-11-19T22:57:16.507828+00:00 DEBUG 'ansible_navigator.main' ansible-navigator.execution-environment.pull.arguments not found in settings file
2024-11-19T22:57:16.507870+00:00 DEBUG 'ansible_navigator.main' ansible-navigator.execution-environment.environment-variables.set not found in settings file
2024-11-19T22:57:16.507911+00:00 DEBUG 'ansible_navigator.main' ansible-navigator.settings.effective not found in settings file
2024-11-19T22:57:16.507954+00:00 DEBUG 'ansible_navigator.main' ansible-navigator.settings.sample not found in settings file
2024-11-19T22:57:16.507995+00:00 DEBUG 'ansible_navigator.main' ansible-navigator.settings.schema not found in settings file
2024-11-19T22:57:16.508036+00:00 DEBUG 'ansible_navigator.main' ansible-navigator.settings.sources not found in settings file
2024-11-19T22:57:16.508092+00:00 DEBUG 'ansible_navigator.main' ansible-navigator.time-zone not found in settings file
2024-11-19T22:57:16.508133+00:00 DEBUG 'ansible_navigator.main' ansible-navigator.ansible-builder.workdir not found in settings file
2024-11-19T22:57:16.508173+00:00 DEBUG 'ansible_navigator.main' EE support enabled: using current working directory for 'ansible.cfg'
2024-11-19T22:57:16.508216+00:00 INFO 'ansible_navigator.main' EE support enabled: found 'ansible.cfg' in current working directory.
2024-11-19T22:57:16.508253+00:00 DEBUG 'ansible_navigator.main' Completed post processing for ansible_runner_artifact_dir. (changed=False)
2024-11-19T22:57:16.508299+00:00 DEBUG 'ansible_navigator.main' Completed post processing for ansible_runner_rotate_artifacts_count. (changed=False)
2024-11-19T22:57:16.508341+00:00 DEBUG 'ansible_navigator.main' Completed post processing for ansible_runner_timeout. (changed=False)
2024-11-19T22:57:16.508378+00:00 DEBUG 'ansible_navigator.main' Completed post processing for cmdline. (changed=False)
2024-11-19T22:57:16.508414+00:00 DEBUG 'ansible_navigator.main' Completed post processing for collection_doc_cache_path. (changed=False)
2024-11-19T22:57:16.508450+00:00 DEBUG 'ansible_navigator.main' Completed post processing for container_engine. (changed=False)
2024-11-19T22:57:16.508487+00:00 DEBUG 'ansible_navigator.main' Completed post processing for container_options. (changed=False)
2024-11-19T22:57:16.508524+00:00 DEBUG 'ansible_navigator.main' Completed post processing for display_color. (changed=False)
2024-11-19T22:57:16.508564+00:00 DEBUG 'ansible_navigator.main' Completed post processing for enable_prompts. (changed=False)
2024-11-19T22:57:16.508605+00:00 DEBUG 'ansible_navigator.main' Completed post processing for execution_environment. (changed=False)
2024-11-19T22:57:16.508650+00:00 DEBUG 'ansible_navigator.main' Completed post processing for execution_environment_image. (changed=False)
2024-11-19T22:57:16.508692+00:00 DEBUG 'ansible_navigator.main' Completed post processing for help_builder. (changed=False)
2024-11-19T22:57:16.508733+00:00 DEBUG 'ansible_navigator.main' Completed post processing for help_config. (changed=False)
2024-11-19T22:57:16.508774+00:00 DEBUG 'ansible_navigator.main' Completed post processing for help_doc. (changed=False)
2024-11-19T22:57:16.508814+00:00 DEBUG 'ansible_navigator.main' Completed post processing for help_inventory. (changed=False)
2024-11-19T22:57:16.508856+00:00 DEBUG 'ansible_navigator.main' Completed post processing for help_playbook. (changed=False)
2024-11-19T22:57:16.508897+00:00 DEBUG 'ansible_navigator.main' Completed post processing for images_details. (changed=False)
2024-11-19T22:57:16.508939+00:00 DEBUG 'ansible_navigator.main' Completed post processing for inventory. (changed=False)
2024-11-19T22:57:16.508980+00:00 DEBUG 'ansible_navigator.main' Completed post processing for inventory_column. (changed=False)
2024-11-19T22:57:16.509021+00:00 DEBUG 'ansible_navigator.main' Completed post processing for log_file. (changed=False)
2024-11-19T22:57:16.509071+00:00 DEBUG 'ansible_navigator.main' Completed post processing for pass_environment_variable. (changed=False)
2024-11-19T22:57:16.509117+00:00 DEBUG 'ansible_navigator.main' Completed post processing for playbook. (changed=False)
2024-11-19T22:57:16.509160+00:00 DEBUG 'ansible_navigator.main' Completed post processing for playbook_artifact_replay. (changed=False)
2024-11-19T22:57:16.509201+00:00 DEBUG 'ansible_navigator.main' Completed post processing for playbook_artifact_save_as. (changed=False)
2024-11-19T22:57:16.509242+00:00 DEBUG 'ansible_navigator.main' Completed post processing for plugin_name. (changed=False)
2024-11-19T22:57:16.509283+00:00 DEBUG 'ansible_navigator.main' Completed post processing for pull_arguments. (changed=False)
2024-11-19T22:57:16.509324+00:00 DEBUG 'ansible_navigator.main' Completed post processing for set_environment_variable. (changed=False)
2024-11-19T22:57:16.509366+00:00 DEBUG 'ansible_navigator.main' Completed post processing for settings_effective. (changed=False)
2024-11-19T22:57:16.509407+00:00 DEBUG 'ansible_navigator.main' Completed post processing for settings_sample. (changed=False)
2024-11-19T22:57:16.509447+00:00 DEBUG 'ansible_navigator.main' Completed post processing for settings_schema. (changed=False)
2024-11-19T22:57:16.509488+00:00 DEBUG 'ansible_navigator.main' Completed post processing for settings_sources. (changed=False)
2024-11-19T22:57:16.509529+00:00 DEBUG 'ansible_navigator.main' Completed post processing for time_zone. (changed=False)
2024-11-19T22:57:16.509569+00:00 DEBUG 'ansible_navigator.main' Completed post processing for execution_environment_volume_mounts. (changed=False)
2024-11-19T22:57:16.509614+00:00 DEBUG 'ansible_navigator.main' Completed post processing for mode. (changed=False)
2024-11-19T22:57:16.509661+00:00 DEBUG 'ansible_navigator.main' Completed post processing for playbook_artifact_enable. (changed=False)
2024-11-19T22:57:16.509709+00:00 WARNING 'ansible_navigator.main' Configuration errors encountered, rolling back to previous configuration.
2024-11-19T22:57:16.509751+00:00 DEBUG 'ansible_navigator.main' Prior to rollback: ansible_runner_artifact_dir = 'Not set' (Constants/Not set)
2024-11-19T22:57:16.509792+00:00 DEBUG 'ansible_navigator.main' Prior to rollback: ansible_runner_rotate_artifacts_count = 'Not set' (Constants/Not set)
2024-11-19T22:57:16.509833+00:00 DEBUG 'ansible_navigator.main' Prior to rollback: ansible_runner_timeout = 'Not set' (Constants/Not set)
2024-11-19T22:57:16.509874+00:00 DEBUG 'ansible_navigator.main' Prior to rollback: ansible_runner_write_job_events = 'False' (bool/Defaults)
2024-11-19T22:57:16.509915+00:00 DEBUG 'ansible_navigator.main' Prior to rollback: app = 'run' (str/Command line)
2024-11-19T22:57:16.509956+00:00 DEBUG 'ansible_navigator.main' Prior to rollback: cmdline = 'Not set' (Constants/Not set)
2024-11-19T22:57:16.509998+00:00 DEBUG 'ansible_navigator.main' Prior to rollback: collection_doc_cache_path = '/home/student/.cache/ansible-navigator/collection_doc_cache.db' (str/Defaults)
2024-11-19T22:57:16.510039+00:00 DEBUG 'ansible_navigator.main' Prior to rollback: config = 'Not set' (Constants/Not set)
2024-11-19T22:57:16.510093+00:00 DEBUG 'ansible_navigator.main' Prior to rollback: container_engine = 'podman' (str/Settings file)
2024-11-19T22:57:16.510135+00:00 DEBUG 'ansible_navigator.main' Prior to rollback: container_options = 'Not set' (Constants/Not set)
2024-11-19T22:57:16.510176+00:00 DEBUG 'ansible_navigator.main' Prior to rollback: display_color = 'True' (bool/Defaults)
2024-11-19T22:57:16.510218+00:00 DEBUG 'ansible_navigator.main' Prior to rollback: editor_command = 'vi +{line_number} {filename}' (str/Defaults)
2024-11-19T22:57:16.510259+00:00 DEBUG 'ansible_navigator.main' Prior to rollback: editor_console = 'True' (bool/Defaults)
2024-11-19T22:57:16.510300+00:00 DEBUG 'ansible_navigator.main' Prior to rollback: enable_prompts = 'False' (bool/Defaults)
2024-11-19T22:57:16.510341+00:00 DEBUG 'ansible_navigator.main' Prior to rollback: exec_command = '/bin/bash' (str/Defaults)
2024-11-19T22:57:16.510382+00:00 DEBUG 'ansible_navigator.main' Prior to rollback: exec_shell = 'True' (bool/Defaults)
2024-11-19T22:57:16.510423+00:00 DEBUG 'ansible_navigator.main' Prior to rollback: execution_environment = 'True' (bool/Settings file)
2024-11-19T22:57:16.510464+00:00 DEBUG 'ansible_navigator.main' Prior to rollback: execution_environment_image = 'autocon-ee:latest' (str/Settings file)
2024-11-19T22:57:16.510505+00:00 DEBUG 'ansible_navigator.main' Prior to rollback: execution_environment_volume_mounts = 'Not set' (Constants/Not set)
2024-11-19T22:57:16.510546+00:00 DEBUG 'ansible_navigator.main' Prior to rollback: format = 'yaml' (str/Defaults)
2024-11-19T22:57:16.510588+00:00 DEBUG 'ansible_navigator.main' Prior to rollback: help_builder = 'False' (bool/Defaults)
2024-11-19T22:57:16.510626+00:00 DEBUG 'ansible_navigator.main' Prior to rollback: help_config = 'False' (bool/Defaults)
2024-11-19T22:57:16.510674+00:00 DEBUG 'ansible_navigator.main' Prior to rollback: help_doc = 'False' (bool/Defaults)
2024-11-19T22:57:16.510712+00:00 DEBUG 'ansible_navigator.main' Prior to rollback: help_inventory = 'False' (bool/Defaults)
2024-11-19T22:57:16.510749+00:00 DEBUG 'ansible_navigator.main' Prior to rollback: help_playbook = 'False' (bool/Defaults)
2024-11-19T22:57:16.510785+00:00 DEBUG 'ansible_navigator.main' Prior to rollback: images_details = '['everything']' (list/Defaults)
2024-11-19T22:57:16.510826+00:00 DEBUG 'ansible_navigator.main' Prior to rollback: inventory = '['/home/student/autocon2_aap_workshop/hosts']' (list/Settings file)
2024-11-19T22:57:16.510872+00:00 DEBUG 'ansible_navigator.main' Prior to rollback: inventory_column = 'Not set' (Constants/Not set)
2024-11-19T22:57:16.510911+00:00 DEBUG 'ansible_navigator.main' Prior to rollback: lint_config = 'Not set' (Constants/Not set)
2024-11-19T22:57:16.510952+00:00 DEBUG 'ansible_navigator.main' Prior to rollback: lintables = 'Not set' (Constants/Not set)
2024-11-19T22:57:16.510992+00:00 DEBUG 'ansible_navigator.main' Prior to rollback: log_append = 'True' (bool/Defaults)
2024-11-19T22:57:16.511030+00:00 DEBUG 'ansible_navigator.main' Prior to rollback: log_file = '/home/student/ansible-navigator.log' (str/Settings file)
2024-11-19T22:57:16.511080+00:00 DEBUG 'ansible_navigator.main' Prior to rollback: log_level = 'debug' (str/Settings file)
2024-11-19T22:57:16.511127+00:00 DEBUG 'ansible_navigator.main' Prior to rollback: mode = 'interactive' (str/Defaults)
2024-11-19T22:57:16.511165+00:00 DEBUG 'ansible_navigator.main' Prior to rollback: osc4 = 'True' (bool/Defaults)
2024-11-19T22:57:16.511206+00:00 DEBUG 'ansible_navigator.main' Prior to rollback: pass_environment_variable = 'Not set' (Constants/Not set)
2024-11-19T22:57:16.511246+00:00 DEBUG 'ansible_navigator.main' Prior to rollback: playbook = 'Not set' (Constants/Not set)
2024-11-19T22:57:16.511287+00:00 DEBUG 'ansible_navigator.main' Prior to rollback: playbook_artifact_enable = 'True' (bool/Defaults)
2024-11-19T22:57:16.511328+00:00 DEBUG 'ansible_navigator.main' Prior to rollback: playbook_artifact_replay = 'Not set' (Constants/Not set)
2024-11-19T22:57:16.511365+00:00 DEBUG 'ansible_navigator.main' Prior to rollback: playbook_artifact_save_as = '/home/student/playbook-artifacts-autocon2/{playbook_name}-artifact-{time_stamp}.json' (str/Settings file)
2024-11-19T22:57:16.511402+00:00 DEBUG 'ansible_navigator.main' Prior to rollback: plugin_name = 'Not set' (Constants/Not set)
2024-11-19T22:57:16.511439+00:00 DEBUG 'ansible_navigator.main' Prior to rollback: plugin_type = 'module' (str/Defaults)
2024-11-19T22:57:16.511479+00:00 DEBUG 'ansible_navigator.main' Prior to rollback: pull_arguments = 'Not set' (Constants/Not set)
2024-11-19T22:57:16.511521+00:00 DEBUG 'ansible_navigator.main' Prior to rollback: pull_policy = 'never' (str/Settings file)
2024-11-19T22:57:16.511562+00:00 DEBUG 'ansible_navigator.main' Prior to rollback: set_environment_variable = 'Not set' (Constants/Not set)
2024-11-19T22:57:16.511603+00:00 DEBUG 'ansible_navigator.main' Prior to rollback: settings_effective = 'False' (bool/Defaults)
2024-11-19T22:57:16.511647+00:00 DEBUG 'ansible_navigator.main' Prior to rollback: settings_sample = 'False' (bool/Defaults)
2024-11-19T22:57:16.511689+00:00 DEBUG 'ansible_navigator.main' Prior to rollback: settings_schema = 'json' (str/Defaults)
2024-11-19T22:57:16.511730+00:00 DEBUG 'ansible_navigator.main' Prior to rollback: settings_sources = 'False' (bool/Defaults)
2024-11-19T22:57:16.511771+00:00 DEBUG 'ansible_navigator.main' Prior to rollback: time_zone = 'UTC' (str/Defaults)
2024-11-19T22:57:16.511812+00:00 DEBUG 'ansible_navigator.main' Prior to rollback: workdir = '/home/student/autocon2_aap_workshop' (str/Defaults)
2024-11-19T22:57:16.511853+00:00 DEBUG 'ansible_navigator.main' After rollback: ansible_runner_artifact_dir = 'Not set' (Constants/Not set)
2024-11-19T22:57:16.511894+00:00 DEBUG 'ansible_navigator.main' After rollback: ansible_runner_rotate_artifacts_count = 'Not set' (Constants/Not set)
2024-11-19T22:57:16.511935+00:00 DEBUG 'ansible_navigator.main' After rollback: ansible_runner_timeout = 'Not set' (Constants/Not set)
2024-11-19T22:57:16.511976+00:00 DEBUG 'ansible_navigator.main' After rollback: ansible_runner_write_job_events = 'Not set' (Constants/Not set)
2024-11-19T22:57:16.512017+00:00 DEBUG 'ansible_navigator.main' After rollback: app = 'Not set' (Constants/Not set)
2024-11-19T22:57:16.512068+00:00 DEBUG 'ansible_navigator.main' After rollback: cmdline = 'Not set' (Constants/Not set)
2024-11-19T22:57:16.512114+00:00 DEBUG 'ansible_navigator.main' After rollback: collection_doc_cache_path = 'Not set' (Constants/Not set)
2024-11-19T22:57:16.512161+00:00 DEBUG 'ansible_navigator.main' After rollback: config = 'Not set' (Constants/Not set)
2024-11-19T22:57:16.512203+00:00 DEBUG 'ansible_navigator.main' After rollback: container_engine = 'Not set' (Constants/Not set)
2024-11-19T22:57:16.512244+00:00 DEBUG 'ansible_navigator.main' After rollback: container_options = 'Not set' (Constants/Not set)
2024-11-19T22:57:16.512286+00:00 DEBUG 'ansible_navigator.main' After rollback: display_color = 'Not set' (Constants/Not set)
2024-11-19T22:57:16.512327+00:00 DEBUG 'ansible_navigator.main' After rollback: editor_command = 'Not set' (Constants/Not set)
2024-11-19T22:57:16.512368+00:00 DEBUG 'ansible_navigator.main' After rollback: editor_console = 'Not set' (Constants/Not set)
2024-11-19T22:57:16.512408+00:00 DEBUG 'ansible_navigator.main' After rollback: enable_prompts = 'Not set' (Constants/Not set)
2024-11-19T22:57:16.512450+00:00 DEBUG 'ansible_navigator.main' After rollback: exec_command = 'Not set' (Constants/Not set)
2024-11-19T22:57:16.512491+00:00 DEBUG 'ansible_navigator.main' After rollback: exec_shell = 'Not set' (Constants/Not set)
2024-11-19T22:57:16.512531+00:00 DEBUG 'ansible_navigator.main' After rollback: execution_environment = 'Not set' (Constants/Not set)
2024-11-19T22:57:16.512573+00:00 DEBUG 'ansible_navigator.main' After rollback: execution_environment_image = 'Not set' (Constants/Not set)
2024-11-19T22:57:16.512614+00:00 DEBUG 'ansible_navigator.main' After rollback: execution_environment_volume_mounts = 'Not set' (Constants/Not set)
2024-11-19T22:57:16.512660+00:00 DEBUG 'ansible_navigator.main' After rollback: format = 'Not set' (Constants/Not set)
2024-11-19T22:57:16.512702+00:00 DEBUG 'ansible_navigator.main' After rollback: help_builder = 'Not set' (Constants/Not set)
2024-11-19T22:57:16.512743+00:00 DEBUG 'ansible_navigator.main' After rollback: help_config = 'Not set' (Constants/Not set)
2024-11-19T22:57:16.512784+00:00 DEBUG 'ansible_navigator.main' After rollback: help_doc = 'Not set' (Constants/Not set)
2024-11-19T22:57:16.512824+00:00 DEBUG 'ansible_navigator.main' After rollback: help_inventory = 'Not set' (Constants/Not set)
2024-11-19T22:57:16.512865+00:00 DEBUG 'ansible_navigator.main' After rollback: help_playbook = 'Not set' (Constants/Not set)
2024-11-19T22:57:16.512906+00:00 DEBUG 'ansible_navigator.main' After rollback: images_details = 'Not set' (Constants/Not set)
2024-11-19T22:57:16.512947+00:00 DEBUG 'ansible_navigator.main' After rollback: inventory = 'Not set' (Constants/Not set)
2024-11-19T22:57:16.512988+00:00 DEBUG 'ansible_navigator.main' After rollback: inventory_column = 'Not set' (Constants/Not set)
2024-11-19T22:57:16.513029+00:00 DEBUG 'ansible_navigator.main' After rollback: lint_config = 'Not set' (Constants/Not set)
2024-11-19T22:57:16.513082+00:00 DEBUG 'ansible_navigator.main' After rollback: lintables = 'Not set' (Constants/Not set)
2024-11-19T22:57:16.513127+00:00 DEBUG 'ansible_navigator.main' After rollback: log_append = 'Not set' (Constants/Not set)
2024-11-19T22:57:16.513168+00:00 DEBUG 'ansible_navigator.main' After rollback: log_file = 'Not set' (Constants/Not set)
2024-11-19T22:57:16.513210+00:00 DEBUG 'ansible_navigator.main' After rollback: log_level = 'Not set' (Constants/Not set)
2024-11-19T22:57:16.513251+00:00 DEBUG 'ansible_navigator.main' After rollback: mode = 'Not set' (Constants/Not set)
2024-11-19T22:57:16.513293+00:00 DEBUG 'ansible_navigator.main' After rollback: osc4 = 'Not set' (Constants/Not set)
2024-11-19T22:57:16.513334+00:00 DEBUG 'ansible_navigator.main' After rollback: pass_environment_variable = 'Not set' (Constants/Not set)
2024-11-19T22:57:16.513375+00:00 DEBUG 'ansible_navigator.main' After rollback: playbook = 'Not set' (Constants/Not set)
2024-11-19T22:57:16.513415+00:00 DEBUG 'ansible_navigator.main' After rollback: playbook_artifact_enable = 'Not set' (Constants/Not set)
2024-11-19T22:57:16.513457+00:00 DEBUG 'ansible_navigator.main' After rollback: playbook_artifact_replay = 'Not set' (Constants/Not set)
2024-11-19T22:57:16.513502+00:00 DEBUG 'ansible_navigator.main' After rollback: playbook_artifact_save_as = 'Not set' (Constants/Not set)
2024-11-19T22:57:16.513544+00:00 DEBUG 'ansible_navigator.main' After rollback: plugin_name = 'Not set' (Constants/Not set)
2024-11-19T22:57:16.513586+00:00 DEBUG 'ansible_navigator.main' After rollback: plugin_type = 'Not set' (Constants/Not set)
2024-11-19T22:57:16.513627+00:00 DEBUG 'ansible_navigator.main' After rollback: pull_arguments = 'Not set' (Constants/Not set)
2024-11-19T22:57:16.513674+00:00 DEBUG 'ansible_navigator.main' After rollback: pull_policy = 'Not set' (Constants/Not set)
2024-11-19T22:57:16.513715+00:00 DEBUG 'ansible_navigator.main' After rollback: set_environment_variable = 'Not set' (Constants/Not set)
2024-11-19T22:57:16.513756+00:00 DEBUG 'ansible_navigator.main' After rollback: settings_effective = 'Not set' (Constants/Not set)
2024-11-19T22:57:16.513797+00:00 DEBUG 'ansible_navigator.main' After rollback: settings_sample = 'Not set' (Constants/Not set)
2024-11-19T22:57:16.513835+00:00 DEBUG 'ansible_navigator.main' After rollback: settings_schema = 'Not set' (Constants/Not set)
2024-11-19T22:57:16.513872+00:00 DEBUG 'ansible_navigator.main' After rollback: settings_sources = 'Not set' (Constants/Not set)
2024-11-19T22:57:16.513910+00:00 DEBUG 'ansible_navigator.main' After rollback: time_zone = 'Not set' (Constants/Not set)
2024-11-19T22:57:16.513947+00:00 DEBUG 'ansible_navigator.main' After rollback: workdir = 'Not set' (Constants/Not set)
2024-11-19T22:57:16.513983+00:00 DEBUG 'ansible_navigator.main' Configuration rollback complete.
2024-11-19T22:57:16.514020+00:00 DEBUG 'ansible_navigator.main' Collection doc cache not mounted
2024-11-19T22:57:16.514085+00:00 WARNING 'ansible_navigator.main' Issues were found while applying the settings.
2024-11-19T22:57:16.514134+00:00 INFO 'ansible_navigator.main' Command provided: 'run'
2024-11-19T22:57:16.514181+00:00 ERROR 'ansible_navigator.main' A playbook is required when using the run subcommand
2024-11-19T22:57:16.514224+00:00 INFO 'ansible_navigator.main' Try again with 'run <playbook name>'
2024-11-19T22:57:16.514265+00:00 INFO 'ansible_navigator.main' Configuration failed, using default log file location. (/home/student/autocon2_aap_workshop/ansible-navigator.log) Log level set to debug
2024-11-19T22:57:16.514304+00:00 INFO 'ansible_navigator.main' Review the hints and log file to see what went wrong.
